

Microchip MPLAB XC8 Assembler V2.31 build 20201012212115 
                                                                                               Tue Feb 23 21:55:42 2021

Microchip MPLAB XC8 C Compiler v2.31 (Free license) build 20201012212115 Og1 
     1                           	processor	16F887
     2                           	pagewidth 120
     3                           	opt	flic
     4                           	psect	cinit,global,class=CODE,merge=1,delta=2
     5                           	psect	bssCOMMON,global,class=COMMON,space=1,delta=1,noexec
     6                           	psect	cstackCOMMON,global,class=COMMON,space=1,delta=1,noexec
     7                           	psect	maintext,global,class=CODE,split=1,delta=2
     8                           	psect	text1,local,class=CODE,merge=1,delta=2
     9                           	psect	text2,local,class=CODE,merge=1,delta=2
    10                           	psect	text3,local,class=CODE,merge=1,delta=2
    11                           	psect	text4,local,class=CODE,merge=1,delta=2
    12                           	psect	intentry,global,class=CODE,delta=2
    13                           	psect	config,global,abs,ovrld,class=CONFIG,space=4,delta=2,noexec
    14                           	dabs	1,0x7E,2
    15  0000                     
    16                           ; Version 2.20
    17                           ; Generated 12/02/2020 GMT
    18                           ; 
    19                           ; Copyright © 2020, Microchip Technology Inc. and its subsidiaries ("Microchip")
    20                           ; All rights reserved.
    21                           ; 
    22                           ; This software is developed by Microchip Technology Inc. and its subsidiaries ("Microch
      +                          ip").
    23                           ; 
    24                           ; Redistribution and use in source and binary forms, with or without modification, are
    25                           ; permitted provided that the following conditions are met:
    26                           ; 
    27                           ;     1. Redistributions of source code must retain the above copyright notice, this lis
      +                          t of
    28                           ;        conditions and the following disclaimer.
    29                           ; 
    30                           ;     2. Redistributions in binary form must reproduce the above copyright notice, this 
      +                          list
    31                           ;        of conditions and the following disclaimer in the documentation and/or other
    32                           ;        materials provided with the distribution.
    33                           ; 
    34                           ;     3. Microchip's name may not be used to endorse or promote products derived from th
      +                          is
    35                           ;        software without specific prior written permission.
    36                           ; 
    37                           ; THIS SOFTWARE IS PROVIDED BY MICROCHIP "AS IS" AND ANY EXPRESS OR IMPLIED WARRANTIES,
    38                           ; INCLUDING, BUT NOT LIMITED TO, THE IMPLIED WARRANTIES OF MERCHANTABILITY AND FITNESS F
      +                          OR
    39                           ; PURPOSE ARE DISCLAIMED.  IN NO EVENT SHALL MICROCHIP BE LIABLE FOR ANY DIRECT, INDIREC
      +                          T,
    40                           ; INCIDENTAL, SPECIAL, EXEMPLARY, OR CONSEQUENTIAL DAMAGES (INCLUDING BUT NOT LIMITED TO
    41                           ; PROCUREMENT OF SUBSTITUTE GOODS OR SERVICES; LOSS OF USE, DATA OR PROFITS; OR BUSINESS
    42                           ; INTERRUPTION) HOWSOEVER CAUSED AND ON ANY THEORY OF LIABILITY, WHETHER IN CONTRACT, ST
      +                          RICT
    43                           ; LIABILITY, OR TORT (INCLUDING NEGLIGENCE OR OTHERWISE) ARISING IN ANY WAY OUT OF THE U
      +                          SE OF
    44                           ; THIS SOFTWARE, EVEN IF ADVISED OF THE POSSIBILITY OF SUCH DAMAGE.
    45                           ; 
    46                           ; 
    47                           ; Code-generator required, PIC16F887 Definitions
    48                           ; 
    49                           ; SFR Addresses
    50  0000                     	;# 
    51  0001                     	;# 
    52  0002                     	;# 
    53  0003                     	;# 
    54  0004                     	;# 
    55  0005                     	;# 
    56  0006                     	;# 
    57  0007                     	;# 
    58  0008                     	;# 
    59  0009                     	;# 
    60  000A                     	;# 
    61  000B                     	;# 
    62  000C                     	;# 
    63  000D                     	;# 
    64  000E                     	;# 
    65  000E                     	;# 
    66  000F                     	;# 
    67  0010                     	;# 
    68  0011                     	;# 
    69  0012                     	;# 
    70  0013                     	;# 
    71  0014                     	;# 
    72  0015                     	;# 
    73  0015                     	;# 
    74  0016                     	;# 
    75  0017                     	;# 
    76  0018                     	;# 
    77  0019                     	;# 
    78  001A                     	;# 
    79  001B                     	;# 
    80  001B                     	;# 
    81  001C                     	;# 
    82  001D                     	;# 
    83  001E                     	;# 
    84  001F                     	;# 
    85  0081                     	;# 
    86  0085                     	;# 
    87  0086                     	;# 
    88  0087                     	;# 
    89  0088                     	;# 
    90  0089                     	;# 
    91  008C                     	;# 
    92  008D                     	;# 
    93  008E                     	;# 
    94  008F                     	;# 
    95  0090                     	;# 
    96  0091                     	;# 
    97  0092                     	;# 
    98  0093                     	;# 
    99  0093                     	;# 
   100  0093                     	;# 
   101  0094                     	;# 
   102  0095                     	;# 
   103  0096                     	;# 
   104  0097                     	;# 
   105  0098                     	;# 
   106  0099                     	;# 
   107  009A                     	;# 
   108  009B                     	;# 
   109  009C                     	;# 
   110  009D                     	;# 
   111  009E                     	;# 
   112  009F                     	;# 
   113  0105                     	;# 
   114  0107                     	;# 
   115  0108                     	;# 
   116  0109                     	;# 
   117  010C                     	;# 
   118  010C                     	;# 
   119  010D                     	;# 
   120  010E                     	;# 
   121  010F                     	;# 
   122  0185                     	;# 
   123  0187                     	;# 
   124  0188                     	;# 
   125  0189                     	;# 
   126  018C                     	;# 
   127  018D                     	;# 
   128  0000                     	;# 
   129  0001                     	;# 
   130  0002                     	;# 
   131  0003                     	;# 
   132  0004                     	;# 
   133  0005                     	;# 
   134  0006                     	;# 
   135  0007                     	;# 
   136  0008                     	;# 
   137  0009                     	;# 
   138  000A                     	;# 
   139  000B                     	;# 
   140  000C                     	;# 
   141  000D                     	;# 
   142  000E                     	;# 
   143  000E                     	;# 
   144  000F                     	;# 
   145  0010                     	;# 
   146  0011                     	;# 
   147  0012                     	;# 
   148  0013                     	;# 
   149  0014                     	;# 
   150  0015                     	;# 
   151  0015                     	;# 
   152  0016                     	;# 
   153  0017                     	;# 
   154  0018                     	;# 
   155  0019                     	;# 
   156  001A                     	;# 
   157  001B                     	;# 
   158  001B                     	;# 
   159  001C                     	;# 
   160  001D                     	;# 
   161  001E                     	;# 
   162  001F                     	;# 
   163  0081                     	;# 
   164  0085                     	;# 
   165  0086                     	;# 
   166  0087                     	;# 
   167  0088                     	;# 
   168  0089                     	;# 
   169  008C                     	;# 
   170  008D                     	;# 
   171  008E                     	;# 
   172  008F                     	;# 
   173  0090                     	;# 
   174  0091                     	;# 
   175  0092                     	;# 
   176  0093                     	;# 
   177  0093                     	;# 
   178  0093                     	;# 
   179  0094                     	;# 
   180  0095                     	;# 
   181  0096                     	;# 
   182  0097                     	;# 
   183  0098                     	;# 
   184  0099                     	;# 
   185  009A                     	;# 
   186  009B                     	;# 
   187  009C                     	;# 
   188  009D                     	;# 
   189  009E                     	;# 
   190  009F                     	;# 
   191  0105                     	;# 
   192  0107                     	;# 
   193  0108                     	;# 
   194  0109                     	;# 
   195  010C                     	;# 
   196  010C                     	;# 
   197  010D                     	;# 
   198  010E                     	;# 
   199  010F                     	;# 
   200  0185                     	;# 
   201  0187                     	;# 
   202  0188                     	;# 
   203  0189                     	;# 
   204  018C                     	;# 
   205  018D                     	;# 
   206  0000                     	;# 
   207  0001                     	;# 
   208  0002                     	;# 
   209  0003                     	;# 
   210  0004                     	;# 
   211  0005                     	;# 
   212  0006                     	;# 
   213  0007                     	;# 
   214  0008                     	;# 
   215  0009                     	;# 
   216  000A                     	;# 
   217  000B                     	;# 
   218  000C                     	;# 
   219  000D                     	;# 
   220  000E                     	;# 
   221  000E                     	;# 
   222  000F                     	;# 
   223  0010                     	;# 
   224  0011                     	;# 
   225  0012                     	;# 
   226  0013                     	;# 
   227  0014                     	;# 
   228  0015                     	;# 
   229  0015                     	;# 
   230  0016                     	;# 
   231  0017                     	;# 
   232  0018                     	;# 
   233  0019                     	;# 
   234  001A                     	;# 
   235  001B                     	;# 
   236  001B                     	;# 
   237  001C                     	;# 
   238  001D                     	;# 
   239  001E                     	;# 
   240  001F                     	;# 
   241  0081                     	;# 
   242  0085                     	;# 
   243  0086                     	;# 
   244  0087                     	;# 
   245  0088                     	;# 
   246  0089                     	;# 
   247  008C                     	;# 
   248  008D                     	;# 
   249  008E                     	;# 
   250  008F                     	;# 
   251  0090                     	;# 
   252  0091                     	;# 
   253  0092                     	;# 
   254  0093                     	;# 
   255  0093                     	;# 
   256  0093                     	;# 
   257  0094                     	;# 
   258  0095                     	;# 
   259  0096                     	;# 
   260  0097                     	;# 
   261  0098                     	;# 
   262  0099                     	;# 
   263  009A                     	;# 
   264  009B                     	;# 
   265  009C                     	;# 
   266  009D                     	;# 
   267  009E                     	;# 
   268  009F                     	;# 
   269  0105                     	;# 
   270  0107                     	;# 
   271  0108                     	;# 
   272  0109                     	;# 
   273  010C                     	;# 
   274  010C                     	;# 
   275  010D                     	;# 
   276  010E                     	;# 
   277  010F                     	;# 
   278  0185                     	;# 
   279  0187                     	;# 
   280  0188                     	;# 
   281  0189                     	;# 
   282  018C                     	;# 
   283  018D                     	;# 
   284  0000                     	;# 
   285  0001                     	;# 
   286  0002                     	;# 
   287  0003                     	;# 
   288  0004                     	;# 
   289  0005                     	;# 
   290  0006                     	;# 
   291  0007                     	;# 
   292  0008                     	;# 
   293  0009                     	;# 
   294  000A                     	;# 
   295  000B                     	;# 
   296  000C                     	;# 
   297  000D                     	;# 
   298  000E                     	;# 
   299  000E                     	;# 
   300  000F                     	;# 
   301  0010                     	;# 
   302  0011                     	;# 
   303  0012                     	;# 
   304  0013                     	;# 
   305  0014                     	;# 
   306  0015                     	;# 
   307  0015                     	;# 
   308  0016                     	;# 
   309  0017                     	;# 
   310  0018                     	;# 
   311  0019                     	;# 
   312  001A                     	;# 
   313  001B                     	;# 
   314  001B                     	;# 
   315  001C                     	;# 
   316  001D                     	;# 
   317  001E                     	;# 
   318  001F                     	;# 
   319  0081                     	;# 
   320  0085                     	;# 
   321  0086                     	;# 
   322  0087                     	;# 
   323  0088                     	;# 
   324  0089                     	;# 
   325  008C                     	;# 
   326  008D                     	;# 
   327  008E                     	;# 
   328  008F                     	;# 
   329  0090                     	;# 
   330  0091                     	;# 
   331  0092                     	;# 
   332  0093                     	;# 
   333  0093                     	;# 
   334  0093                     	;# 
   335  0094                     	;# 
   336  0095                     	;# 
   337  0096                     	;# 
   338  0097                     	;# 
   339  0098                     	;# 
   340  0099                     	;# 
   341  009A                     	;# 
   342  009B                     	;# 
   343  009C                     	;# 
   344  009D                     	;# 
   345  009E                     	;# 
   346  009F                     	;# 
   347  0105                     	;# 
   348  0107                     	;# 
   349  0108                     	;# 
   350  0109                     	;# 
   351  010C                     	;# 
   352  010C                     	;# 
   353  010D                     	;# 
   354  010E                     	;# 
   355  010F                     	;# 
   356  0185                     	;# 
   357  0187                     	;# 
   358  0188                     	;# 
   359  0189                     	;# 
   360  018C                     	;# 
   361  018D                     	;# 
   362  0014                     _SSPCON	set	20
   363  001E                     _ADRESH	set	30
   364  0009                     _PORTE	set	9
   365  0008                     _PORTD	set	8
   366  0007                     _PORTC	set	7
   367  0005                     _PORTA	set	5
   368  001F                     _ADCON0bits	set	31
   369  000C                     _PIR1bits	set	12
   370  000B                     _INTCONbits	set	11
   371  0094                     _SSPSTAT	set	148
   372  0085                     _TRISAbits	set	133
   373  0087                     _TRISCbits	set	135
   374  0089                     _TRISE	set	137
   375  0088                     _TRISD	set	136
   376  0087                     _TRISC	set	135
   377  0085                     _TRISA	set	133
   378  009F                     _ADCON1	set	159
   379  008C                     _PIE1bits	set	140
   380  0189                     _ANSELH	set	393
   381  0188                     _ANSEL	set	392
   382                           
   383                           	psect	cinit
   384  000F                     start_initialization:	
   385                           ; #config settings
   386                           
   387  000F                     __initialization:
   388                           
   389                           ; Clear objects allocated to COMMON
   390  000F  01F0               	clrf	__pbssCOMMON& (0+127)
   391  0010  01F1               	clrf	(__pbssCOMMON+1)& (0+127)
   392  0011  01F2               	clrf	(__pbssCOMMON+2)& (0+127)
   393  0012  01F3               	clrf	(__pbssCOMMON+3)& (0+127)
   394  0013  01F4               	clrf	(__pbssCOMMON+4)& (0+127)
   395  0014                     end_of_initialization:	
   396                           ;End of C runtime variable initialization code
   397                           
   398  0014                     __end_of__initialization:
   399  0014  0183               	clrf	3
   400  0015  120A  118A  2882   	ljmp	_main	;jump to C main() function
   401                           
   402                           	psect	bssCOMMON
   403  0070                     __pbssCOMMON:
   404  0070                     _temp_value:
   405  0070                     	ds	4
   406  0074                     _temp_val:
   407  0074                     	ds	1
   408                           
   409                           	psect	cstackCOMMON
   410  0075                     __pcstackCOMMON:
   411  0075                     ?_CONFIG_SPI:
   412  0075                     ?_ADC_CONFIG:	
   413                           ; 1 bytes @ 0x0
   414                           
   415  0075                     ?_Setup:	
   416                           ; 1 bytes @ 0x0
   417                           
   418  0075                     ?_ISR:	
   419                           ; 1 bytes @ 0x0
   420                           
   421  0075                     ??_ISR:	
   422                           ; 1 bytes @ 0x0
   423                           
   424  0075                     ?_main:	
   425                           ; 1 bytes @ 0x0
   426                           
   427                           
   428                           ; 1 bytes @ 0x0
   429  0075                     	ds	3
   430  0078                     ??_CONFIG_SPI:
   431  0078                     ??_ADC_CONFIG:	
   432                           ; 1 bytes @ 0x3
   433                           
   434  0078                     ??_Setup:	
   435                           ; 1 bytes @ 0x3
   436                           
   437  0078                     ??_main:	
   438                           ; 1 bytes @ 0x3
   439                           
   440                           
   441                           ; 1 bytes @ 0x3
   442  0078                     	ds	1
   443                           
   444                           	psect	maintext
   445  0082                     __pmaintext:	
   446 ;;
   447 ;;Main: autosize = 0, tempsize = 1, incstack = 0, save=0
   448 ;;
   449 ;; *************** function _main *****************
   450 ;; Defined at:
   451 ;;		line 92 in file "Slave2_main.c"
   452 ;; Parameters:    Size  Location     Type
   453 ;;		None
   454 ;; Auto vars:     Size  Location     Type
   455 ;;		None
   456 ;; Return value:  Size  Location     Type
   457 ;;                  1    wreg      void 
   458 ;; Registers used:
   459 ;;		wreg, status,2, status,0, pclath, cstack
   460 ;; Tracked objects:
   461 ;;		On entry : B00/0
   462 ;;		On exit  : 0/0
   463 ;;		Unchanged: 0/0
   464 ;; Data sizes:     COMMON   BANK0   BANK1   BANK3   BANK2
   465 ;;      Params:         0       0       0       0       0
   466 ;;      Locals:         0       0       0       0       0
   467 ;;      Temps:          1       0       0       0       0
   468 ;;      Totals:         1       0       0       0       0
   469 ;;Total ram usage:        1 bytes
   470 ;; Hardware stack levels required when called:    3
   471 ;; This function calls:
   472 ;;		_Setup
   473 ;; This function is called by:
   474 ;;		Startup code after reset
   475 ;; This function uses a non-reentrant model
   476 ;;
   477                           
   478                           
   479                           ;psect for function _main
   480  0082                     _main:
   481  0082                     l711:	
   482                           ;incstack = 0
   483                           ; Regs used in _main: [wreg+status,2+status,0+pclath+cstack]
   484                           
   485                           
   486                           ;Slave2_main.c: 93:     Setup();
   487  0082  120A  118A  2018  120A  118A  	fcall	_Setup
   488  0087                     l713:
   489                           
   490                           ;Slave2_main.c: 94:     _delay((unsigned long)((25)*(8000000/4000000.0)));
   491  0087  3010               	movlw	16
   492  0088  00F8               	movwf	??_main
   493  0089                     u27:
   494  0089  0BF8               	decfsz	??_main,f
   495  008A  2889               	goto	u27
   496  008B  0000               	nop
   497  008C                     l715:
   498                           
   499                           ;Slave2_main.c: 95:         ADCON0bits.GO_DONE = 1;
   500  008C  1283               	bcf	3,5	;RP0=0, select bank0
   501  008D  1303               	bcf	3,6	;RP1=0, select bank0
   502  008E  149F               	bsf	31,1	;volatile
   503  008F                     l63:	
   504                           ;Slave2_main.c: 96:     while (1) {
   505                           
   506  008F                     l64:	
   507                           ;Slave2_main.c: 98:     }
   508                           
   509  008F  288F               	goto	l63
   510  0090  120A  118A  280C   	ljmp	start
   511  0093                     __end_of_main:
   512                           
   513                           	psect	text1
   514  0018                     __ptext1:	
   515 ;; *************** function _Setup *****************
   516 ;; Defined at:
   517 ;;		line 56 in file "Slave2_main.c"
   518 ;; Parameters:    Size  Location     Type
   519 ;;		None
   520 ;; Auto vars:     Size  Location     Type
   521 ;;		None
   522 ;; Return value:  Size  Location     Type
   523 ;;                  1    wreg      void 
   524 ;; Registers used:
   525 ;;		wreg, status,2, status,0, pclath, cstack
   526 ;; Tracked objects:
   527 ;;		On entry : 0/0
   528 ;;		On exit  : 0/0
   529 ;;		Unchanged: 0/0
   530 ;; Data sizes:     COMMON   BANK0   BANK1   BANK3   BANK2
   531 ;;      Params:         0       0       0       0       0
   532 ;;      Locals:         0       0       0       0       0
   533 ;;      Temps:          0       0       0       0       0
   534 ;;      Totals:         0       0       0       0       0
   535 ;;Total ram usage:        0 bytes
   536 ;; Hardware stack levels used:    1
   537 ;; Hardware stack levels required when called:    2
   538 ;; This function calls:
   539 ;;		_ADC_CONFIG
   540 ;;		_CONFIG_SPI
   541 ;; This function is called by:
   542 ;;		_main
   543 ;; This function uses a non-reentrant model
   544 ;;
   545                           
   546                           
   547                           ;psect for function _Setup
   548  0018                     _Setup:
   549  0018                     l693:	
   550                           ;incstack = 0
   551                           ; Regs used in _Setup: [wreg+status,2+status,0+pclath+cstack]
   552                           
   553                           
   554                           ;Slave2_main.c: 58:     ANSEL = 0b00000001;
   555  0018  3001               	movlw	1
   556  0019  1683               	bsf	3,5	;RP0=1, select bank3
   557  001A  1703               	bsf	3,6	;RP1=1, select bank3
   558  001B  0088               	movwf	8	;volatile
   559  001C                     l695:
   560                           
   561                           ;Slave2_main.c: 59:     ANSELH = 0;
   562  001C  0189               	clrf	9	;volatile
   563  001D                     l697:
   564                           
   565                           ;Slave2_main.c: 61:     TRISA = 0b00000001;
   566  001D  3001               	movlw	1
   567  001E  1683               	bsf	3,5	;RP0=1, select bank1
   568  001F  1303               	bcf	3,6	;RP1=0, select bank1
   569  0020  0085               	movwf	5	;volatile
   570                           
   571                           ;Slave2_main.c: 62:     PORTA = 0;
   572  0021  1283               	bcf	3,5	;RP0=0, select bank0
   573  0022  1303               	bcf	3,6	;RP1=0, select bank0
   574  0023  0185               	clrf	5	;volatile
   575                           
   576                           ;Slave2_main.c: 64:     TRISC = 0b0000000;
   577  0024  1683               	bsf	3,5	;RP0=1, select bank1
   578  0025  1303               	bcf	3,6	;RP1=0, select bank1
   579  0026  0187               	clrf	7	;volatile
   580                           
   581                           ;Slave2_main.c: 65:     PORTC = 0;
   582  0027  1283               	bcf	3,5	;RP0=0, select bank0
   583  0028  1303               	bcf	3,6	;RP1=0, select bank0
   584  0029  0187               	clrf	7	;volatile
   585                           
   586                           ;Slave2_main.c: 67:     TRISD = 0;
   587  002A  1683               	bsf	3,5	;RP0=1, select bank1
   588  002B  1303               	bcf	3,6	;RP1=0, select bank1
   589  002C  0188               	clrf	8	;volatile
   590                           
   591                           ;Slave2_main.c: 68:     PORTD = 0;
   592  002D  1283               	bcf	3,5	;RP0=0, select bank0
   593  002E  1303               	bcf	3,6	;RP1=0, select bank0
   594  002F  0188               	clrf	8	;volatile
   595                           
   596                           ;Slave2_main.c: 70:     TRISE = 0;
   597  0030  1683               	bsf	3,5	;RP0=1, select bank1
   598  0031  1303               	bcf	3,6	;RP1=0, select bank1
   599  0032  0189               	clrf	9	;volatile
   600                           
   601                           ;Slave2_main.c: 71:     PORTE = 0;
   602  0033  1283               	bcf	3,5	;RP0=0, select bank0
   603  0034  1303               	bcf	3,6	;RP1=0, select bank0
   604  0035  0189               	clrf	9	;volatile
   605  0036                     l699:
   606                           
   607                           ;Slave2_main.c: 73:     ADC_CONFIG();
   608  0036  120A  118A  205B  120A  118A  	fcall	_ADC_CONFIG
   609  003B                     l701:
   610                           
   611                           ;Slave2_main.c: 74:     CONFIG_SPI();
   612  003B  120A  118A  206F  120A  118A  	fcall	_CONFIG_SPI
   613  0040                     l52:
   614  0040  0008               	return
   615  0041                     __end_of_Setup:
   616                           
   617                           	psect	text2
   618  006F                     __ptext2:	
   619 ;; *************** function _CONFIG_SPI *****************
   620 ;; Defined at:
   621 ;;		line 9 in file "../SLAVE1.X/LIB_SPI.c"
   622 ;; Parameters:    Size  Location     Type
   623 ;;		None
   624 ;; Auto vars:     Size  Location     Type
   625 ;;		None
   626 ;; Return value:  Size  Location     Type
   627 ;;                  1    wreg      void 
   628 ;; Registers used:
   629 ;;		wreg, status,2
   630 ;; Tracked objects:
   631 ;;		On entry : 0/0
   632 ;;		On exit  : 0/0
   633 ;;		Unchanged: 0/0
   634 ;; Data sizes:     COMMON   BANK0   BANK1   BANK3   BANK2
   635 ;;      Params:         0       0       0       0       0
   636 ;;      Locals:         0       0       0       0       0
   637 ;;      Temps:          0       0       0       0       0
   638 ;;      Totals:         0       0       0       0       0
   639 ;;Total ram usage:        0 bytes
   640 ;; Hardware stack levels used:    1
   641 ;; Hardware stack levels required when called:    1
   642 ;; This function calls:
   643 ;;		Nothing
   644 ;; This function is called by:
   645 ;;		_Setup
   646 ;; This function uses a non-reentrant model
   647 ;;
   648                           
   649                           
   650                           ;psect for function _CONFIG_SPI
   651  006F                     _CONFIG_SPI:
   652  006F                     l683:	
   653                           ;incstack = 0
   654                           ; Regs used in _CONFIG_SPI: [wreg+status,2]
   655                           
   656                           
   657                           ;../SLAVE1.X/LIB_SPI.c: 10:     TRISCbits.TRISC3 = 1;
   658  006F  1683               	bsf	3,5	;RP0=1, select bank1
   659  0070  1303               	bcf	3,6	;RP1=0, select bank1
   660  0071  1587               	bsf	7,3	;volatile
   661                           
   662                           ;../SLAVE1.X/LIB_SPI.c: 11:     TRISCbits.TRISC5 = 0;
   663  0072  1287               	bcf	7,5	;volatile
   664                           
   665                           ;../SLAVE1.X/LIB_SPI.c: 12:     TRISAbits.TRISA5 = 1;
   666  0073  1685               	bsf	5,5	;volatile
   667  0074                     l685:
   668                           
   669                           ;../SLAVE1.X/LIB_SPI.c: 13:     SSPCON = 0b00100100;
   670  0074  3024               	movlw	36
   671  0075  1283               	bcf	3,5	;RP0=0, select bank0
   672  0076  1303               	bcf	3,6	;RP1=0, select bank0
   673  0077  0094               	movwf	20	;volatile
   674  0078                     l687:
   675                           
   676                           ;../SLAVE1.X/LIB_SPI.c: 14:     SSPSTAT = 0;
   677  0078  1683               	bsf	3,5	;RP0=1, select bank1
   678  0079  1303               	bcf	3,6	;RP1=0, select bank1
   679  007A  0194               	clrf	20	;volatile
   680  007B                     l689:
   681                           
   682                           ;../SLAVE1.X/LIB_SPI.c: 15:     PIR1bits.SSPIF = 0;
   683  007B  1283               	bcf	3,5	;RP0=0, select bank0
   684  007C  1303               	bcf	3,6	;RP1=0, select bank0
   685  007D  118C               	bcf	12,3	;volatile
   686  007E                     l691:
   687                           
   688                           ;../SLAVE1.X/LIB_SPI.c: 16:     PIE1bits.SSPIE = 1;
   689  007E  1683               	bsf	3,5	;RP0=1, select bank1
   690  007F  1303               	bcf	3,6	;RP1=0, select bank1
   691  0080  158C               	bsf	12,3	;volatile
   692  0081                     l81:
   693  0081  0008               	return
   694  0082                     __end_of_CONFIG_SPI:
   695                           
   696                           	psect	text3
   697  005B                     __ptext3:	
   698 ;; *************** function _ADC_CONFIG *****************
   699 ;; Defined at:
   700 ;;		line 10 in file "LIB_ADC.c"
   701 ;; Parameters:    Size  Location     Type
   702 ;;		None
   703 ;; Auto vars:     Size  Location     Type
   704 ;;		None
   705 ;; Return value:  Size  Location     Type
   706 ;;                  1    wreg      void 
   707 ;; Registers used:
   708 ;;		wreg, status,2, status,0
   709 ;; Tracked objects:
   710 ;;		On entry : 0/0
   711 ;;		On exit  : 0/0
   712 ;;		Unchanged: 0/0
   713 ;; Data sizes:     COMMON   BANK0   BANK1   BANK3   BANK2
   714 ;;      Params:         0       0       0       0       0
   715 ;;      Locals:         0       0       0       0       0
   716 ;;      Temps:          0       0       0       0       0
   717 ;;      Totals:         0       0       0       0       0
   718 ;;Total ram usage:        0 bytes
   719 ;; Hardware stack levels used:    1
   720 ;; Hardware stack levels required when called:    1
   721 ;; This function calls:
   722 ;;		Nothing
   723 ;; This function is called by:
   724 ;;		_Setup
   725 ;; This function uses a non-reentrant model
   726 ;;
   727                           
   728                           
   729                           ;psect for function _ADC_CONFIG
   730  005B                     _ADC_CONFIG:
   731  005B                     l673:	
   732                           ;incstack = 0
   733                           ; Regs used in _ADC_CONFIG: [wreg+status,2+status,0]
   734                           
   735                           
   736                           ;LIB_ADC.c: 11:     INTCONbits.GIE = 1;
   737  005B  178B               	bsf	11,7	;volatile
   738                           
   739                           ;LIB_ADC.c: 12:     INTCONbits.PEIE = 1;
   740  005C  170B               	bsf	11,6	;volatile
   741                           
   742                           ;LIB_ADC.c: 13:     PIR1bits.ADIF = 0;
   743  005D  1283               	bcf	3,5	;RP0=0, select bank0
   744  005E  1303               	bcf	3,6	;RP1=0, select bank0
   745  005F  130C               	bcf	12,6	;volatile
   746                           
   747                           ;LIB_ADC.c: 14:     PIE1bits.ADIE = 1;
   748  0060  1683               	bsf	3,5	;RP0=1, select bank1
   749  0061  1303               	bcf	3,6	;RP1=0, select bank1
   750  0062  170C               	bsf	12,6	;volatile
   751  0063                     l675:
   752                           
   753                           ;LIB_ADC.c: 15:     ADCON0bits.ADCS = 0b10;
   754  0063  1283               	bcf	3,5	;RP0=0, select bank0
   755  0064  1303               	bcf	3,6	;RP1=0, select bank0
   756  0065  081F               	movf	31,w	;volatile
   757  0066  393F               	andlw	-193
   758  0067  3880               	iorlw	128
   759  0068  009F               	movwf	31	;volatile
   760  0069                     l677:
   761                           
   762                           ;LIB_ADC.c: 16:     ADCON0bits.GO = 0;
   763  0069  109F               	bcf	31,1	;volatile
   764  006A                     l679:
   765                           
   766                           ;LIB_ADC.c: 17:     ADCON0bits.ADON = 1;
   767  006A  141F               	bsf	31,0	;volatile
   768  006B                     l681:
   769                           
   770                           ;LIB_ADC.c: 18:     ADCON1 = 0b0000000;
   771  006B  1683               	bsf	3,5	;RP0=1, select bank1
   772  006C  1303               	bcf	3,6	;RP1=0, select bank1
   773  006D  019F               	clrf	31	;volatile
   774  006E                     l13:
   775  006E  0008               	return
   776  006F                     __end_of_ADC_CONFIG:
   777                           
   778                           	psect	text4
   779  0041                     __ptext4:	
   780 ;; *************** function _ISR *****************
   781 ;; Defined at:
   782 ;;		line 80 in file "Slave2_main.c"
   783 ;; Parameters:    Size  Location     Type
   784 ;;		None
   785 ;; Auto vars:     Size  Location     Type
   786 ;;		None
   787 ;; Return value:  Size  Location     Type
   788 ;;                  1    wreg      void 
   789 ;; Registers used:
   790 ;;		wreg
   791 ;; Tracked objects:
   792 ;;		On entry : 0/0
   793 ;;		On exit  : 0/0
   794 ;;		Unchanged: 0/0
   795 ;; Data sizes:     COMMON   BANK0   BANK1   BANK3   BANK2
   796 ;;      Params:         0       0       0       0       0
   797 ;;      Locals:         0       0       0       0       0
   798 ;;      Temps:          3       0       0       0       0
   799 ;;      Totals:         3       0       0       0       0
   800 ;;Total ram usage:        3 bytes
   801 ;; Hardware stack levels used:    1
   802 ;; This function calls:
   803 ;;		Nothing
   804 ;; This function is called by:
   805 ;;		Interrupt level 1
   806 ;; This function uses a non-reentrant model
   807 ;;
   808                           
   809                           
   810                           ;psect for function _ISR
   811  0041                     _ISR:
   812  0041                     i1l703:
   813                           
   814                           ;Slave2_main.c: 81:     if (ADCON0bits.GO == 0){
   815  0041  1283               	bcf	3,5	;RP0=0, select bank0
   816  0042  1303               	bcf	3,6	;RP1=0, select bank0
   817  0043  189F               	btfsc	31,1	;volatile
   818  0044  2846               	goto	u1_21
   819  0045  2847               	goto	u1_20
   820  0046                     u1_21:
   821  0046  2854               	goto	i1l58
   822  0047                     u1_20:
   823  0047                     i1l705:
   824                           
   825                           ;Slave2_main.c: 82:         temp_val = ADRESH;
   826  0047  081E               	movf	30,w	;volatile
   827  0048  00F5               	movwf	??_ISR
   828  0049  0875               	movf	??_ISR,w
   829  004A  00F4               	movwf	_temp_val
   830                           
   831                           ;Slave2_main.c: 83:         _delay((unsigned long)((25)*(8000000/4000000.0)));
   832  004B  3010               	movlw	16
   833  004C  00F5               	movwf	??_ISR
   834  004D                     u3_27:
   835  004D  0BF5               	decfsz	??_ISR,f
   836  004E  284D               	goto	u3_27
   837  004F  0000               	nop
   838  0050                     i1l707:
   839                           
   840                           ;Slave2_main.c: 84:         ADCON0bits.GO_DONE = 1;
   841  0050  1283               	bcf	3,5	;RP0=0, select bank0
   842  0051  1303               	bcf	3,6	;RP1=0, select bank0
   843  0052  149F               	bsf	31,1	;volatile
   844  0053                     i1l709:
   845                           
   846                           ;Slave2_main.c: 85:         PIR1bits.ADIF = 0;
   847  0053  130C               	bcf	12,6	;volatile
   848  0054                     i1l58:
   849  0054  0877               	movf	??_ISR+2,w
   850  0055  008A               	movwf	10
   851  0056  0E76               	swapf	??_ISR+1,w
   852  0057  0083               	movwf	3
   853  0058  0EFE               	swapf	btemp,f
   854  0059  0E7E               	swapf	btemp,w
   855  005A  0009               	retfie
   856  005B                     __end_of_ISR:
   857  007E                     btemp	set	126	;btemp
   858  007E                     wtemp0	set	126
   859                           
   860                           	psect	intentry
   861  0004                     __pintentry:	
   862                           ;incstack = 0
   863                           ; Regs used in _ISR: [wreg]
   864                           
   865  0004                     interrupt_function:
   866  007E                     saved_w	set	btemp
   867  0004  00FE               	movwf	btemp
   868  0005  0E03               	swapf	3,w
   869  0006  00F6               	movwf	??_ISR+1
   870  0007  080A               	movf	10,w
   871  0008  00F7               	movwf	??_ISR+2
   872  0009  120A  118A  2841   	ljmp	_ISR
   873                           
   874                           	psect	config
   875                           
   876                           ;Config register CONFIG1 @ 0x2007
   877                           ;	Oscillator Selection bits
   878                           ;	FOSC = XT, XT oscillator: Crystal/resonator on RA6/OSC2/CLKOUT and RA7/OSC1/CLKIN
   879                           ;	Watchdog Timer Enable bit
   880                           ;	WDTE = OFF, WDT disabled and can be enabled by SWDTEN bit of the WDTCON register
   881                           ;	Power-up Timer Enable bit
   882                           ;	PWRTE = OFF, PWRT disabled
   883                           ;	RE3/MCLR pin function select bit
   884                           ;	MCLRE = OFF, RE3/MCLR pin function is digital input, MCLR internally tied to VDD
   885                           ;	Code Protection bit
   886                           ;	CP = OFF, Program memory code protection is disabled
   887                           ;	Data Code Protection bit
   888                           ;	CPD = OFF, Data memory code protection is disabled
   889                           ;	Brown Out Reset Selection bits
   890                           ;	BOREN = OFF, BOR disabled
   891                           ;	Internal External Switchover bit
   892                           ;	IESO = OFF, Internal/External Switchover mode is disabled
   893                           ;	Fail-Safe Clock Monitor Enabled bit
   894                           ;	FCMEN = OFF, Fail-Safe Clock Monitor is disabled
   895                           ;	Low Voltage Programming Enable bit
   896                           ;	LVP = OFF, RB3 pin has digital I/O, HV on MCLR must be used for programming
   897                           ;	In-Circuit Debugger Mode bit
   898                           ;	DEBUG = 0x1, unprogrammed default
   899  2007                     	org	8199
   900  2007  20D1               	dw	8401
   901                           
   902                           ;Config register CONFIG2 @ 0x2008
   903                           ;	Brown-out Reset Selection bit
   904                           ;	BOR4V = BOR40V, Brown-out Reset set to 4.0V
   905                           ;	Flash Program Memory Self Write Enable bits
   906                           ;	WRT = OFF, Write protection off
   907  2008                     	org	8200
   908  2008  3FFF               	dw	16383

Data Sizes:
    Strings     0
    Constant    0
    Data        0
    BSS         5
    Persistent  0
    Stack       0

Auto Spaces:
    Space          Size  Autos    Used
    COMMON           14      4       9
    BANK0            80      0       0
    BANK1            80      0       0
    BANK3            96      0       0
    BANK2            96      0       0

Pointer List with Targets:

    None.

Critical Paths under _main in COMMON

    None.

Critical Paths under _ISR in COMMON

    None.

Critical Paths under _main in BANK0

    None.

Critical Paths under _ISR in BANK0

    None.

Critical Paths under _main in BANK1

    None.

Critical Paths under _ISR in BANK1

    None.

Critical Paths under _main in BANK3

    None.

Critical Paths under _ISR in BANK3

    None.

Critical Paths under _main in BANK2

    None.

Critical Paths under _ISR in BANK2

    None.

Call Graph Tables:

 ---------------------------------------------------------------------------------
 (Depth) Function   	        Calls       Base Space   Used Autos Params    Refs
 ---------------------------------------------------------------------------------
 (0) _main                                                 1     1      0       0
                                              3 COMMON     1     1      0
                              _Setup
 ---------------------------------------------------------------------------------
 (1) _Setup                                                0     0      0       0
                         _ADC_CONFIG
                         _CONFIG_SPI
 ---------------------------------------------------------------------------------
 (2) _CONFIG_SPI                                           0     0      0       0
 ---------------------------------------------------------------------------------
 (2) _ADC_CONFIG                                           0     0      0       0
 ---------------------------------------------------------------------------------
 Estimated maximum stack depth 2
 ---------------------------------------------------------------------------------
 (Depth) Function   	        Calls       Base Space   Used Autos Params    Refs
 ---------------------------------------------------------------------------------
 (3) _ISR                                                  3     3      0       0
                                              0 COMMON     3     3      0
 ---------------------------------------------------------------------------------
 Estimated maximum stack depth 3
 ---------------------------------------------------------------------------------

 Call Graph Graphs:

 _main (ROOT)
   _Setup
     _ADC_CONFIG
     _CONFIG_SPI

 _ISR (ROOT)

 Address spaces:
Name               Size   Autos  Total    Cost      Usage
BITCOMMON            E      0       0       0        0.0%
EEDATA             100      0       0       0        0.0%
NULL                 0      0       0       0        0.0%
CODE                 0      0       0       0        0.0%
COMMON               E      4       9       1       64.3%
BITSFR0              0      0       0       1        0.0%
SFR0                 0      0       0       1        0.0%
BITSFR1              0      0       0       2        0.0%
SFR1                 0      0       0       2        0.0%
STACK                0      0       0       2        0.0%
ABS                  0      0       9       3        0.0%
BITBANK0            50      0       0       4        0.0%
BITSFR3              0      0       0       4        0.0%
SFR3                 0      0       0       4        0.0%
BANK0               50      0       0       5        0.0%
BITSFR2              0      0       0       5        0.0%
SFR2                 0      0       0       5        0.0%
BITBANK1            50      0       0       6        0.0%
BANK1               50      0       0       7        0.0%
BITBANK3            60      0       0       8        0.0%
BANK3               60      0       0       9        0.0%
BITBANK2            60      0       0      10        0.0%
BANK2               60      0       0      11        0.0%
DATA                 0      0       9      12        0.0%


Microchip Technology PIC Macro Assembler V2.31 build 20201012212115 
Symbol Table                                                                                   Tue Feb 23 21:55:42 2021

    __size_of_ADC_CONFIG 0014                       l13 006E                       l52 0040  
                     l63 008F                       l64 008F                       l81 0081  
                     u27 0089                      l701 003B                      l711 0082  
                    l713 0087                      l715 008C                      l681 006B  
                    l673 005B                      l675 0063                      l691 007E  
                    l683 006F                      l677 0069                      l685 0074  
                    l693 0018                      l679 006A                      l687 0078  
                    l695 001C                      l689 007B                      l697 001D  
                    l699 0036                      _ISR 0041                     ?_ISR 0075  
                   i1l58 0054                     u1_20 0047                     u1_21 0046  
                   u3_27 004D                     _main 0082                     btemp 007E  
                   start 000C      __size_of_CONFIG_SPI 0013                    ??_ISR 0075  
                  ?_main 0075                    _ANSEL 0188                    i1l703 0041  
                  i1l705 0047                    i1l707 0050                    i1l709 0053  
                  _PORTA 0005                    _PORTC 0007                    _PORTD 0008  
                  _PORTE 0009                    _TRISA 0085                    _TRISC 0087  
                  _TRISD 0088                    _TRISE 0089                    _Setup 0018  
                  pclath 000A                    status 0003                    wtemp0 007E  
        __initialization 000F             __end_of_main 0093                   ??_main 0078  
           ??_ADC_CONFIG 0078                   ?_Setup 0075                   _ADCON1 009F  
                 _ADRESH 001E                   _ANSELH 0189                   _SSPCON 0014  
     __end_of_ADC_CONFIG 006F             ??_CONFIG_SPI 0078                   saved_w 007E  
__end_of__initialization 0014           __pcstackCOMMON 0075            __end_of_Setup 0041  
     __end_of_CONFIG_SPI 0082                  ??_Setup 0078               __pmaintext 0082  
             __pintentry 0004                  _SSPSTAT 0094                  __ptext1 0018  
                __ptext2 006F                  __ptext3 005B                  __ptext4 0041  
           __size_of_ISR 001A     end_of_initialization 0014               _temp_value 0070  
              _TRISAbits 0085                _TRISCbits 0087      start_initialization 000F  
            __end_of_ISR 005B              __pbssCOMMON 0070                ___latbits 0002  
         __size_of_Setup 0029        interrupt_function 0004                 _PIE1bits 008C  
               _PIR1bits 000C               _ADCON0bits 001F               _ADC_CONFIG 005B  
             _CONFIG_SPI 006F            __size_of_main 0011                 _temp_val 0074  
             _INTCONbits 000B              ?_ADC_CONFIG 0075                 intlevel1 0000  
            ?_CONFIG_SPI 0075  
